<?xml version="1.0" encoding="UTF-8"?>
<!-- Generated by org.testng.reporters.JUnitReportReporter -->
<testsuite hostname="Swati-VAIO" name="FirstDemo.FirstDemo.HomePageVerification" tests="1" failures="0" timestamp="26 Feb 2018 18:03:56 GMT" time="0.015" errors="0">
  <testcase name="verifyGooglePageTittle" time="0.015" classname="FirstDemo.FirstDemo.HomePageVerification"/>
</testsuite> <!-- FirstDemo.FirstDemo.HomePageVerification -->
